d:\freerdp-2.0\akua\server\akua-server\akua-shadow-server.dir\release\vc143.pdb
d:\freerdp-2.0\akua\server\akua-server\akua-shadow-server.dir\release\stream_dispatcher.obj
d:\freerdp-2.0\akua\server\akua-server\akua-shadow-server.dir\release\multi_main.obj
d:\freerdp-2.0\akua\server\akua-server\akua-shadow-server.dir\release\file_stream.obj
d:\freerdp-2.0\akua\server\akua-server\akua-shadow-server.dir\release\crc_util.obj
d:\freerdp-2.0\akua\server\akua-server\akua-shadow-server.dir\release\control_stream.obj
d:\freerdp-2.0\akua\server\akua-server\akua-shadow-server.dir\release\control_event.obj
d:\freerdp-2.0\akua\server\akua-server\akua-shadow-server.dir\release\akua_config.obj
d:\freerdp-2.0\akua\server\akua-server\akua-shadow-server.dir\release\color_util.obj
d:\freerdp-2.0\akua\server\akua-server\akua-shadow-server.dir\release\misc.obj
d:\freerdp-2.0\akua\server\akua-server\akua-shadow-server.dir\release\bit_util.obj
d:\freerdp-2.0\akua\server\akua-server\akua-shadow-server.dir\release\bitmap_util.obj
d:\freerdp-2.0\akua\server\akua-server\akua-shadow-server.dir\release\bitmap_stream.obj
d:\freerdp-2.0\akua\server\akua-server\akua-shadow-server.dir\release\akua_queue.obj
d:\freerdp-2.0\akua\server\akua-server\akua-shadow-server.dir\release\os_util.obj
d:\freerdp-2.0\akua\server\akua-server\akua-shadow-server.dir\release\cmd_stream.obj
d:\freerdp-2.0\build\release\akua-shadow-server.exe
d:\freerdp-2.0\akua\server\akua-server\akua-shadow-server.dir\release\akua-shadow-server.ipdb
d:\freerdp-2.0\akua\server\akua-server\akua-shadow-server.dir\release\akua-shadow-server.iobj
d:\freerdp-2.0\akua\server\akua-server\akua-shadow-server.dir\release\akua-server.tlog\cl.command.1.tlog
d:\freerdp-2.0\akua\server\akua-server\akua-shadow-server.dir\release\akua-server.tlog\cl.items.tlog
d:\freerdp-2.0\akua\server\akua-server\akua-shadow-server.dir\release\akua-server.tlog\cl.read.1.tlog
d:\freerdp-2.0\akua\server\akua-server\akua-shadow-server.dir\release\akua-server.tlog\cl.write.1.tlog
d:\freerdp-2.0\akua\server\akua-server\akua-shadow-server.dir\release\akua-server.tlog\link.command.1.tlog
d:\freerdp-2.0\akua\server\akua-server\akua-shadow-server.dir\release\akua-server.tlog\link.read.1.tlog
d:\freerdp-2.0\akua\server\akua-server\akua-shadow-server.dir\release\akua-server.tlog\link.secondary.1.tlog
d:\freerdp-2.0\akua\server\akua-server\akua-shadow-server.dir\release\akua-server.tlog\link.write.1.tlog
